<?xml version="1.0" encoding="UTF-8"?>
<!-- Generated by org.testng.reporters.JUnitReportReporter -->
<testsuite skipped="0" hostname="Shreya" name="selenium.CrossBrowserTesting" tests="2" failures="0" timestamp="06 May 2018 03:58:06 GMT" time="12.737" errors="0">
  <testcase name="verifyCrossBrowser" time="3.747" classname="selenium.CrossBrowserTesting"/>
  <testcase name="verifyCrossBrowser" time="8.990" classname="selenium.CrossBrowserTesting"/>
</testsuite> <!-- selenium.CrossBrowserTesting -->
